1516105392004	geckodriver	INFO	geckodriver 0.19.1
1516105392020	geckodriver	INFO	Listening on 127.0.0.1:64001
1516105395081	mozrunner::runner	INFO	Running command: "C:\\Program Files\\Mozilla Firefox\\firefox.exe" "-marionette" "-profile" "C:\\Users\\aha\\AppData\\Local\\Temp\\rust_mozprofile.rhBomDR39paQ"
1516105397297	Marionette	INFO	Enabled via --marionette
Unable to read VR Path Registry from C:\Users\aha\AppData\Local\openvr\openvrpaths.vrpath
[Child 5572, Chrome_ChildThread] WARNING: pipe error: 109: file z:/build/build/src/ipc/chromium/src/chrome/common/ipc_channel_win.cc, line 346
[Child 5572, Chrome_ChildThread] WARNING: pipe error: 109: file z:/build/build/src/ipc/chromium/src/chrome/common/ipc_channel_win.cc, line 346
1516105400653	Marionette	INFO	Listening on port 64038
1516105401118	Marionette	WARN	TLS certificate errors will be ignored for this session
1516105401203	Marionette	DEBUG	Register listener.js for window 4294967297
1516105401265	Marionette	DEBUG	Received DOM event "beforeunload" for "about:blank"
1516105401540	Marionette	DEBUG	Received DOM event "pagehide" for "about:blank"
1516105401540	Marionette	DEBUG	Received DOM event "unload" for "about:blank"
1516105401878	Marionette	DEBUG	Received DOM event "DOMContentLoaded" for "https://www.baidu.com/"
1516105401940	Marionette	DEBUG	Received DOM event "pageshow" for "https://www.baidu.com/"
1516105402639	Marionette	DEBUG	Canceled page load listener because no navigation has been detected
1516105405528	geckodriver	INFO	geckodriver 0.19.1
1516105405597	geckodriver	INFO	Listening on 127.0.0.1:64202
1516105408542	mozrunner::runner	INFO	Running command: "C:\\Program Files\\Mozilla Firefox\\firefox.exe" "-marionette" "-profile" "C:\\Users\\aha\\AppData\\Local\\Temp\\rust_mozprofile.bAmJGXFfbkdS"
1516105409861	Marionette	INFO	Enabled via --marionette
Unable to read VR Path Registry from C:\Users\aha\AppData\Local\openvr\openvrpaths.vrpath
[Child 7888, Chrome_ChildThread] WARNING: pipe error: 109: file z:/build/build/src/ipc/chromium/src/chrome/common/ipc_channel_win.cc, line 346
[Child 7888, Chrome_ChildThread] WARNING: pipe error: 109: file z:/build/build/src/ipc/chromium/src/chrome/common/ipc_channel_win.cc, line 346
1516105412531	Marionette	INFO	Listening on port 64219
1516105412864	Marionette	WARN	TLS certificate errors will be ignored for this session
1516105412971	Marionette	DEBUG	Register listener.js for window 4294967297
1516105413025	Marionette	DEBUG	Received DOM event "beforeunload" for "about:blank"
1516105413265	Marionette	DEBUG	Received DOM event "pagehide" for "about:blank"
1516105413265	Marionette	DEBUG	Received DOM event "unload" for "about:blank"
Unable to read VR Path Registry from C:\Users\aha\AppData\Local\openvr\openvrpaths.vrpath
JavaScript error: https://ss1.bdstatic.com/5eN1bjq8AAUYm2zgoY3K/r/www/cache/static/protocol/https/plugins/every_cookie_4644b13.js, line 4: ReferenceError: c is not defined
1516105413569	Marionette	DEBUG	Received DOM event "DOMContentLoaded" for "https://www.baidu.com/"
1516105413625	Marionette	DEBUG	Received DOM event "pageshow" for "https://www.baidu.com/"
1516105414271	Marionette	DEBUG	Canceled page load listener because no navigation has been detected
